<?xml version="1.0" encoding="UTF-8"?>
<coverage generated="1717290805985" clover="3.2.0">
  <project timestamp="1717290805985" name="All files">
    <metrics statements="50" coveredstatements="28" conditionals="15" coveredconditionals="4" methods="8" coveredmethods="5" elements="73" coveredelements="37" complexity="0" loc="50" ncloc="50" packages="1" files="2" classes="2"/>
    <file name="fs.ts" path="C:\Users\dany1\Documents\Proyects\action-update-version\src\fs.ts">
      <metrics statements="17" coveredstatements="3" conditionals="10" coveredconditionals="0" methods="2" coveredmethods="0"/>
      <line num="1" count="2" type="stmt"/>
      <line num="2" count="2" type="stmt"/>
      <line num="4" count="2" type="stmt"/>
      <line num="5" count="0" type="stmt"/>
      <line num="6" count="0" type="stmt"/>
      <line num="7" count="0" type="cond" truecount="0" falsecount="2"/>
      <line num="8" count="0" type="stmt"/>
      <line num="9" count="0" type="stmt"/>
      <line num="10" count="0" type="stmt"/>
      <line num="11" count="0" type="stmt"/>
      <line num="12" count="0" type="cond" truecount="0" falsecount="2"/>
      <line num="13" count="0" type="stmt"/>
      <line num="14" count="0" type="cond" truecount="0" falsecount="3"/>
      <line num="15" count="0" type="stmt"/>
      <line num="18" count="0" type="cond" truecount="0" falsecount="3"/>
      <line num="19" count="0" type="stmt"/>
      <line num="22" count="0" type="stmt"/>
    </file>
    <file name="proccess.ts" path="C:\Users\dany1\Documents\Proyects\action-update-version\src\proccess.ts">
      <metrics statements="33" coveredstatements="25" conditionals="5" coveredconditionals="4" methods="6" coveredmethods="5"/>
      <line num="2" count="2" type="stmt"/>
      <line num="3" count="2" type="stmt"/>
      <line num="5" count="2" type="stmt"/>
      <line num="8" count="2" type="stmt"/>
      <line num="9" count="7" type="stmt"/>
      <line num="12" count="2" type="stmt"/>
      <line num="13" count="3" type="stmt"/>
      <line num="16" count="2" type="stmt"/>
      <line num="19" count="0" type="stmt"/>
      <line num="20" count="0" type="stmt"/>
      <line num="21" count="0" type="stmt"/>
      <line num="22" count="0" type="stmt"/>
      <line num="23" count="0" type="stmt"/>
      <line num="24" count="0" type="stmt"/>
      <line num="30" count="2" type="stmt"/>
      <line num="35" count="3" type="stmt"/>
      <line num="36" count="3" type="stmt"/>
      <line num="39" count="3" type="stmt"/>
      <line num="40" count="3" type="stmt"/>
      <line num="41" count="3" type="stmt"/>
      <line num="45" count="2" type="stmt"/>
      <line num="46" count="12" type="stmt"/>
      <line num="48" count="12" type="cond" truecount="1" falsecount="0"/>
      <line num="50" count="12" type="cond" truecount="3" falsecount="1"/>
      <line num="52" count="4" type="stmt"/>
      <line num="54" count="4" type="stmt"/>
      <line num="56" count="4" type="stmt"/>
      <line num="58" count="0" type="stmt"/>
      <line num="62" count="0" type="stmt"/>
      <line num="67" count="3" type="stmt"/>
      <line num="69" count="3" type="stmt"/>
      <line num="71" count="3" type="stmt"/>
      <line num="76" count="2" type="stmt"/>
    </file>
  </project>
</coverage>
