{"/mnt/c/Users/dany1/Documents/Proyects/action-update-version/src/custom_fs.ts": {"path":"/mnt/c/Users/dany1/Documents/Proyects/action-update-version/src/custom_fs.ts","statementMap":{"0":{"start":{"line":1,"column":0},"end":{"line":1,"column":38}},"1":{"start":{"line":2,"column":0},"end":{"line":2,"column":30}},"2":{"start":{"line":3,"column":0},"end":{"line":3,"column":34}},"3":{"start":{"line":6,"column":34},"end":{"line":6,"column":36}},"4":{"start":{"line":8,"column":42},"end":{"line":8,"column":81}},"5":{"start":{"line":9,"column":4},"end":{"line":9,"column":64}},"6":{"start":{"line":12,"column":18},"end":{"line":12,"column":62}},"7":{"start":{"line":13,"column":4},"end":{"line":33,"column":null}},"8":{"start":{"line":14,"column":8},"end":{"line":14,"column":84}},"9":{"start":{"line":15,"column":46},"end":{"line":15,"column":93}},"10":{"start":{"line":17,"column":8},"end":{"line":29,"column":11}},"11":{"start":{"line":18,"column":58},"end":{"line":18,"column":124}},"12":{"start":{"line":19,"column":50},"end":{"line":19,"column":100}},"13":{"start":{"line":21,"column":12},"end":{"line":27,"column":null}},"14":{"start":{"line":22,"column":16},"end":{"line":22,"column":82}},"15":{"start":{"line":23,"column":16},"end":{"line":23,"column":null}},"16":{"start":{"line":24,"column":19},"end":{"line":27,"column":null}},"17":{"start":{"line":25,"column":16},"end":{"line":25,"column":77}},"18":{"start":{"line":26,"column":16},"end":{"line":26,"column":74}},"19":{"start":{"line":30,"column":11},"end":{"line":33,"column":null}},"20":{"start":{"line":31,"column":8},"end":{"line":31,"column":null}},"21":{"start":{"line":32,"column":8},"end":{"line":32,"column":null}},"22":{"start":{"line":35,"column":4},"end":{"line":35,"column":null}},"23":{"start":{"line":5,"column":0},"end":{"line":5,"column":16}}},"fnMap":{"0":{"name":"scan_paths_and_filter_by_file_name","decl":{"start":{"line":5,"column":16},"end":{"line":5,"column":50}},"loc":{"start":{"line":5,"column":109},"end":{"line":36,"column":1}}},"1":{"name":"(anonymous_7)","decl":{"start":{"line":17,"column":46},"end":{"line":17,"column":51}},"loc":{"start":{"line":17,"column":54},"end":{"line":29,"column":9}}}},"branchMap":{"0":{"loc":{"start":{"line":13,"column":4},"end":{"line":33,"column":null}},"type":"if","locations":[{"start":{"line":13,"column":4},"end":{"line":33,"column":null}},{"start":{"line":30,"column":11},"end":{"line":33,"column":null}}]},"1":{"loc":{"start":{"line":21,"column":12},"end":{"line":27,"column":null}},"type":"if","locations":[{"start":{"line":21,"column":12},"end":{"line":27,"column":null}},{"start":{"line":24,"column":19},"end":{"line":27,"column":null}}]},"2":{"loc":{"start":{"line":24,"column":19},"end":{"line":27,"column":null}},"type":"if","locations":[{"start":{"line":24,"column":19},"end":{"line":27,"column":null}}]},"3":{"loc":{"start":{"line":24,"column":23},"end":{"line":24,"column":140}},"type":"binary-expr","locations":[{"start":{"line":24,"column":23},"end":{"line":24,"column":61}},{"start":{"line":24,"column":65},"end":{"line":24,"column":140}}]},"4":{"loc":{"start":{"line":30,"column":11},"end":{"line":33,"column":null}},"type":"if","locations":[{"start":{"line":30,"column":11},"end":{"line":33,"column":null}}]},"5":{"loc":{"start":{"line":30,"column":15},"end":{"line":30,"column":102}},"type":"binary-expr","locations":[{"start":{"line":30,"column":15},"end":{"line":30,"column":29}},{"start":{"line":30,"column":33},"end":{"line":30,"column":102}}]}},"s":{"0":1,"1":1,"2":1,"3":0,"4":0,"5":0,"6":0,"7":0,"8":0,"9":0,"10":0,"11":0,"12":0,"13":0,"14":0,"15":0,"16":0,"17":0,"18":0,"19":0,"20":0,"21":0,"22":0,"23":1},"f":{"0":0,"1":0},"b":{"0":[0,0],"1":[0,0],"2":[0],"3":[0,0],"4":[0],"5":[0,0]}}
,"/mnt/c/Users/dany1/Documents/Proyects/action-update-version/src/github_helper.ts": {"path":"/mnt/c/Users/dany1/Documents/Proyects/action-update-version/src/github_helper.ts","statementMap":{"0":{"start":{"line":1,"column":0},"end":{"line":1,"column":37}},"1":{"start":{"line":2,"column":0},"end":{"line":2,"column":38}},"2":{"start":{"line":6,"column":27},"end":{"line":6,"column":62}},"3":{"start":{"line":7,"column":4},"end":{"line":10,"column":null}},"4":{"start":{"line":8,"column":8},"end":{"line":8,"column":50}},"5":{"start":{"line":9,"column":8},"end":{"line":9,"column":null}},"6":{"start":{"line":11,"column":4},"end":{"line":11,"column":50}},"7":{"start":{"line":5,"column":0},"end":{"line":5,"column":7}}},"fnMap":{"0":{"name":"get_number_pr","decl":{"start":{"line":5,"column":22},"end":{"line":5,"column":35}},"loc":{"start":{"line":5,"column":35},"end":{"line":12,"column":1}}}},"branchMap":{"0":{"loc":{"start":{"line":7,"column":4},"end":{"line":10,"column":null}},"type":"if","locations":[{"start":{"line":7,"column":4},"end":{"line":10,"column":null}}]}},"s":{"0":1,"1":1,"2":3,"3":3,"4":0,"5":0,"6":3,"7":1},"f":{"0":3},"b":{"0":[0]}}
,"/mnt/c/Users/dany1/Documents/Proyects/action-update-version/src/proccess.ts": {"path":"/mnt/c/Users/dany1/Documents/Proyects/action-update-version/src/proccess.ts","statementMap":{"0":{"start":{"line":2,"column":0},"end":{"line":2,"column":25}},"1":{"start":{"line":3,"column":0},"end":{"line":3,"column":84}},"2":{"start":{"line":4,"column":0},"end":{"line":4,"column":38}},"3":{"start":{"line":5,"column":0},"end":{"line":5,"column":67}},"4":{"start":{"line":7,"column":32},"end":{"line":9,"column":null}},"5":{"start":{"line":10,"column":13},"end":{"line":12,"column":null}},"6":{"start":{"line":11,"column":56},"end":{"line":11,"column":101}},"7":{"start":{"line":14,"column":27},"end":{"line":16,"column":null}},"8":{"start":{"line":15,"column":62},"end":{"line":15,"column":111}},"9":{"start":{"line":18,"column":32},"end":{"line":18,"column":112}},"10":{"start":{"line":19,"column":39},"end":{"line":19,"column":64}},"11":{"start":{"line":22,"column":19},"end":{"line":22,"column":68}},"12":{"start":{"line":23,"column":23},"end":{"line":23,"column":79}},"13":{"start":{"line":25,"column":4},"end":{"line":30,"column":null}},"14":{"start":{"line":26,"column":8},"end":{"line":26,"column":45}},"15":{"start":{"line":27,"column":24},"end":{"line":27,"column":54}},"16":{"start":{"line":28,"column":28},"end":{"line":28,"column":118}},"17":{"start":{"line":29,"column":8},"end":{"line":29,"column":53}},"18":{"start":{"line":40,"column":4},"end":{"line":40,"column":66}},"19":{"start":{"line":41,"column":4},"end":{"line":41,"column":79}},"20":{"start":{"line":42,"column":4},"end":{"line":42,"column":70}},"21":{"start":{"line":43,"column":40},"end":{"line":43,"column":94}},"22":{"start":{"line":44,"column":34},"end":{"line":44,"column":70}},"23":{"start":{"line":46,"column":32},"end":{"line":46,"column":68}},"24":{"start":{"line":47,"column":4},"end":{"line":47,"column":85}},"25":{"start":{"line":48,"column":4},"end":{"line":48,"column":90}},"26":{"start":{"line":50,"column":24},"end":{"line":50,"column":92}},"27":{"start":{"line":51,"column":4},"end":{"line":51,"column":46}},"28":{"start":{"line":53,"column":29},"end":{"line":53,"column":72}},"29":{"start":{"line":54,"column":4},"end":{"line":54,"column":56}},"30":{"start":{"line":55,"column":4},"end":{"line":55,"column":28}},"31":{"start":{"line":35,"column":0},"end":{"line":35,"column":7}},"32":{"start":{"line":60,"column":20},"end":{"line":60,"column":80}},"33":{"start":{"line":62,"column":4},"end":{"line":99,"column":null}},"34":{"start":{"line":63,"column":30},"end":{"line":63,"column":50}},"35":{"start":{"line":64,"column":30},"end":{"line":64,"column":50}},"36":{"start":{"line":65,"column":30},"end":{"line":65,"column":50}},"37":{"start":{"line":67,"column":8},"end":{"line":97,"column":null}},"38":{"start":{"line":69,"column":16},"end":{"line":69,"column":null}},"39":{"start":{"line":71,"column":16},"end":{"line":71,"column":null}},"40":{"start":{"line":73,"column":16},"end":{"line":73,"column":null}},"41":{"start":{"line":75,"column":16},"end":{"line":96,"column":19}},"42":{"start":{"line":76,"column":53},"end":{"line":76,"column":63}},"43":{"start":{"line":78,"column":20},"end":{"line":79,"column":null}},"44":{"start":{"line":79,"column":24},"end":{"line":79,"column":null}},"45":{"start":{"line":81,"column":56},"end":{"line":81,"column":118}},"46":{"start":{"line":83,"column":20},"end":{"line":95,"column":null}},"47":{"start":{"line":84,"column":51},"end":{"line":84,"column":91}},"48":{"start":{"line":85,"column":61},"end":{"line":85,"column":101}},"49":{"start":{"line":87,"column":24},"end":{"line":89,"column":null}},"50":{"start":{"line":88,"column":28},"end":{"line":88,"column":132}},"51":{"start":{"line":91,"column":24},"end":{"line":91,"column":162}},"52":{"start":{"line":94,"column":24},"end":{"line":94,"column":null}},"53":{"start":{"line":100,"column":4},"end":{"line":100,"column":70}},"54":{"start":{"line":101,"column":4},"end":{"line":101,"column":null}},"55":{"start":{"line":59,"column":0},"end":{"line":59,"column":7}},"56":{"start":{"line":107,"column":32},"end":{"line":108,"column":68}},"57":{"start":{"line":109,"column":4},"end":{"line":109,"column":null}},"58":{"start":{"line":111,"column":4},"end":{"line":113,"column":null}},"59":{"start":{"line":117,"column":25},"end":{"line":117,"column":80}},"60":{"start":{"line":120,"column":4},"end":{"line":124,"column":null}},"61":{"start":{"line":121,"column":8},"end":{"line":121,"column":62}},"62":{"start":{"line":123,"column":8},"end":{"line":123,"column":69}},"63":{"start":{"line":127,"column":4},"end":{"line":131,"column":null}},"64":{"start":{"line":128,"column":8},"end":{"line":128,"column":59}},"65":{"start":{"line":130,"column":8},"end":{"line":130,"column":null}},"66":{"start":{"line":134,"column":4},"end":{"line":138,"column":null}},"67":{"start":{"line":135,"column":8},"end":{"line":135,"column":53}},"68":{"start":{"line":137,"column":8},"end":{"line":137,"column":60}},"69":{"start":{"line":140,"column":4},"end":{"line":143,"column":null}},"70":{"start":{"line":146,"column":0},"end":{"line":146,"column":31}}},"fnMap":{"0":{"name":"(anonymous_6)","decl":{"start":{"line":11,"column":11},"end":{"line":11,"column":12}},"loc":{"start":{"line":11,"column":56},"end":{"line":11,"column":101}}},"1":{"name":"(anonymous_7)","decl":{"start":{"line":15,"column":11},"end":{"line":15,"column":12}},"loc":{"start":{"line":15,"column":62},"end":{"line":15,"column":111}}},"2":{"name":"execute_process","decl":{"start":{"line":21,"column":15},"end":{"line":21,"column":30}},"loc":{"start":{"line":21,"column":47},"end":{"line":32,"column":1}}},"3":{"name":"generate_new_content","decl":{"start":{"line":35,"column":22},"end":{"line":35,"column":42}},"loc":{"start":{"line":38,"column":42},"end":{"line":56,"column":1}}},"4":{"name":"generate_new_version","decl":{"start":{"line":59,"column":22},"end":{"line":59,"column":42}},"loc":{"start":{"line":59,"column":123},"end":{"line":103,"column":1}}},"5":{"name":"(anonymous_11)","decl":{"start":{"line":75,"column":44},"end":{"line":75,"column":53}},"loc":{"start":{"line":75,"column":56},"end":{"line":96,"column":17}}},"6":{"name":"generate_new_content_maven","decl":{"start":{"line":106,"column":9},"end":{"line":106,"column":35}},"loc":{"start":{"line":106,"column":73},"end":{"line":114,"column":1}}},"7":{"name":"get_versionated_file_data_maven","decl":{"start":{"line":116,"column":9},"end":{"line":116,"column":40}},"loc":{"start":{"line":116,"column":61},"end":{"line":144,"column":1}}}},"branchMap":{"0":{"loc":{"start":{"line":62,"column":4},"end":{"line":99,"column":null}},"type":"if","locations":[{"start":{"line":62,"column":4},"end":{"line":99,"column":null}}]},"1":{"loc":{"start":{"line":67,"column":8},"end":{"line":97,"column":null}},"type":"switch","locations":[{"start":{"line":68,"column":12},"end":{"line":69,"column":null}},{"start":{"line":70,"column":12},"end":{"line":71,"column":null}},{"start":{"line":72,"column":12},"end":{"line":73,"column":null}},{"start":{"line":74,"column":12},"end":{"line":96,"column":19}}]},"2":{"loc":{"start":{"line":78,"column":20},"end":{"line":79,"column":null}},"type":"if","locations":[{"start":{"line":78,"column":20},"end":{"line":79,"column":null}}]},"3":{"loc":{"start":{"line":83,"column":20},"end":{"line":95,"column":null}},"type":"if","locations":[{"start":{"line":83,"column":20},"end":{"line":95,"column":null}},{"start":{"line":93,"column":27},"end":{"line":95,"column":null}}]},"4":{"loc":{"start":{"line":87,"column":24},"end":{"line":89,"column":null}},"type":"if","locations":[{"start":{"line":87,"column":24},"end":{"line":89,"column":null}}]},"5":{"loc":{"start":{"line":120,"column":4},"end":{"line":124,"column":null}},"type":"if","locations":[{"start":{"line":120,"column":4},"end":{"line":124,"column":null}},{"start":{"line":122,"column":11},"end":{"line":124,"column":null}}]},"6":{"loc":{"start":{"line":127,"column":4},"end":{"line":131,"column":null}},"type":"if","locations":[{"start":{"line":127,"column":4},"end":{"line":131,"column":null}},{"start":{"line":129,"column":11},"end":{"line":131,"column":null}}]},"7":{"loc":{"start":{"line":134,"column":4},"end":{"line":138,"column":null}},"type":"if","locations":[{"start":{"line":134,"column":4},"end":{"line":138,"column":null}},{"start":{"line":136,"column":11},"end":{"line":138,"column":null}}]}},"s":{"0":1,"1":1,"2":1,"3":1,"4":1,"5":1,"6":3,"7":1,"8":3,"9":1,"10":1,"11":0,"12":0,"13":0,"14":0,"15":0,"16":0,"17":0,"18":3,"19":3,"20":3,"21":3,"22":3,"23":3,"24":3,"25":3,"26":3,"27":3,"28":3,"29":3,"30":3,"31":1,"32":3,"33":3,"34":3,"35":3,"36":3,"37":3,"38":0,"39":0,"40":0,"41":3,"42":3,"43":3,"44":0,"45":3,"46":3,"47":2,"48":2,"49":2,"50":1,"51":1,"52":1,"53":0,"54":0,"55":1,"56":3,"57":3,"58":3,"59":3,"60":3,"61":3,"62":0,"63":3,"64":3,"65":0,"66":3,"67":3,"68":0,"69":3,"70":1},"f":{"0":3,"1":3,"2":0,"3":3,"4":3,"5":3,"6":3,"7":3},"b":{"0":[3],"1":[0,0,0,3],"2":[0],"3":[2,1],"4":[1],"5":[3,0],"6":[3,0],"7":[3,0]}}
}
