{"C:\\Users\\dany1\\Documents\\Proyects\\action-update-version\\src\\fs.ts": {"path":"C:\\Users\\dany1\\Documents\\Proyects\\action-update-version\\src\\fs.ts","statementMap":{"0":{"start":{"line":1,"column":0},"end":{"line":1,"column":20}},"1":{"start":{"line":2,"column":0},"end":{"line":2,"column":24}},"2":{"start":{"line":5,"column":34},"end":{"line":5,"column":36}},"3":{"start":{"line":6,"column":18},"end":{"line":6,"column":53}},"4":{"start":{"line":7,"column":4},"end":{"line":20,"column":null}},"5":{"start":{"line":8,"column":25},"end":{"line":8,"column":63}},"6":{"start":{"line":9,"column":8},"end":{"line":17,"column":11}},"7":{"start":{"line":10,"column":30},"end":{"line":10,"column":70}},"8":{"start":{"line":11,"column":26},"end":{"line":11,"column":48}},"9":{"start":{"line":12,"column":12},"end":{"line":16,"column":null}},"10":{"start":{"line":13,"column":16},"end":{"line":13,"column":111}},"11":{"start":{"line":14,"column":19},"end":{"line":16,"column":null}},"12":{"start":{"line":15,"column":16},"end":{"line":15,"column":59}},"13":{"start":{"line":18,"column":11},"end":{"line":20,"column":null}},"14":{"start":{"line":19,"column":8},"end":{"line":19,"column":68}},"15":{"start":{"line":22,"column":4},"end":{"line":22,"column":null}},"16":{"start":{"line":4,"column":0},"end":{"line":4,"column":16}}},"fnMap":{"0":{"name":"scan_paths_and_filter_by_file_name","decl":{"start":{"line":4,"column":16},"end":{"line":4,"column":50}},"loc":{"start":{"line":4,"column":100},"end":{"line":23,"column":1}}},"1":{"name":"(anonymous_2)","decl":{"start":{"line":9,"column":25},"end":{"line":9,"column":30}},"loc":{"start":{"line":9,"column":33},"end":{"line":17,"column":9}}}},"branchMap":{"0":{"loc":{"start":{"line":7,"column":4},"end":{"line":20,"column":null}},"type":"if","locations":[{"start":{"line":7,"column":4},"end":{"line":20,"column":null}},{"start":{"line":18,"column":11},"end":{"line":20,"column":null}}]},"1":{"loc":{"start":{"line":12,"column":12},"end":{"line":16,"column":null}},"type":"if","locations":[{"start":{"line":12,"column":12},"end":{"line":16,"column":null}},{"start":{"line":14,"column":19},"end":{"line":16,"column":null}}]},"2":{"loc":{"start":{"line":14,"column":19},"end":{"line":16,"column":null}},"type":"if","locations":[{"start":{"line":14,"column":19},"end":{"line":16,"column":null}}]},"3":{"loc":{"start":{"line":14,"column":23},"end":{"line":14,"column":60}},"type":"binary-expr","locations":[{"start":{"line":14,"column":23},"end":{"line":14,"column":37}},{"start":{"line":14,"column":41},"end":{"line":14,"column":60}}]},"4":{"loc":{"start":{"line":18,"column":11},"end":{"line":20,"column":null}},"type":"if","locations":[{"start":{"line":18,"column":11},"end":{"line":20,"column":null}}]},"5":{"loc":{"start":{"line":18,"column":15},"end":{"line":18,"column":69}},"type":"binary-expr","locations":[{"start":{"line":18,"column":15},"end":{"line":18,"column":29}},{"start":{"line":18,"column":33},"end":{"line":18,"column":69}}]}},"s":{"0":2,"1":2,"2":0,"3":0,"4":0,"5":0,"6":0,"7":0,"8":0,"9":0,"10":0,"11":0,"12":0,"13":0,"14":0,"15":0,"16":2},"f":{"0":0,"1":0},"b":{"0":[0,0],"1":[0,0],"2":[0],"3":[0,0],"4":[0],"5":[0,0]}}
,"C:\\Users\\dany1\\Documents\\Proyects\\action-update-version\\src\\proccess.ts": {"path":"C:\\Users\\dany1\\Documents\\Proyects\\action-update-version\\src\\proccess.ts","statementMap":{"0":{"start":{"line":2,"column":0},"end":{"line":2,"column":25}},"1":{"start":{"line":3,"column":0},"end":{"line":3,"column":77}},"2":{"start":{"line":5,"column":32},"end":{"line":7,"column":null}},"3":{"start":{"line":8,"column":13},"end":{"line":10,"column":null}},"4":{"start":{"line":9,"column":45},"end":{"line":9,"column":122}},"5":{"start":{"line":12,"column":27},"end":{"line":14,"column":null}},"6":{"start":{"line":13,"column":64},"end":{"line":13,"column":113}},"7":{"start":{"line":16,"column":32},"end":{"line":16,"column":63}},"8":{"start":{"line":19,"column":19},"end":{"line":19,"column":68}},"9":{"start":{"line":20,"column":23},"end":{"line":20,"column":79}},"10":{"start":{"line":21,"column":4},"end":{"line":25,"column":null}},"11":{"start":{"line":22,"column":24},"end":{"line":22,"column":54}},"12":{"start":{"line":23,"column":28},"end":{"line":23,"column":112}},"13":{"start":{"line":24,"column":8},"end":{"line":24,"column":53}},"14":{"start":{"line":35,"column":40},"end":{"line":35,"column":84}},"15":{"start":{"line":36,"column":34},"end":{"line":36,"column":70}},"16":{"start":{"line":39,"column":20},"end":{"line":39,"column":56}},"17":{"start":{"line":40,"column":24},"end":{"line":40,"column":74}},"18":{"start":{"line":41,"column":4},"end":{"line":41,"column":55}},"19":{"start":{"line":30,"column":0},"end":{"line":30,"column":16}},"20":{"start":{"line":46,"column":20},"end":{"line":46,"column":58}},"21":{"start":{"line":48,"column":4},"end":{"line":61,"column":null}},"22":{"start":{"line":50,"column":8},"end":{"line":59,"column":null}},"23":{"start":{"line":52,"column":16},"end":{"line":52,"column":null}},"24":{"start":{"line":54,"column":16},"end":{"line":54,"column":null}},"25":{"start":{"line":56,"column":16},"end":{"line":56,"column":null}},"26":{"start":{"line":58,"column":16},"end":{"line":58,"column":null}},"27":{"start":{"line":62,"column":4},"end":{"line":62,"column":36}},"28":{"start":{"line":45,"column":0},"end":{"line":45,"column":16}},"29":{"start":{"line":67,"column":32},"end":{"line":68,"column":68}},"30":{"start":{"line":69,"column":4},"end":{"line":69,"column":null}},"31":{"start":{"line":71,"column":4},"end":{"line":73,"column":null}},"32":{"start":{"line":76,"column":0},"end":{"line":76,"column":31}}},"fnMap":{"0":{"name":"(anonymous_6)","decl":{"start":{"line":9,"column":11},"end":{"line":9,"column":12}},"loc":{"start":{"line":9,"column":45},"end":{"line":9,"column":122}}},"1":{"name":"(anonymous_7)","decl":{"start":{"line":13,"column":13},"end":{"line":13,"column":14}},"loc":{"start":{"line":13,"column":64},"end":{"line":13,"column":113}}},"2":{"name":"execute_process","decl":{"start":{"line":18,"column":9},"end":{"line":18,"column":24}},"loc":{"start":{"line":18,"column":41},"end":{"line":27,"column":1}}},"3":{"name":"generate_new_content","decl":{"start":{"line":30,"column":16},"end":{"line":30,"column":36}},"loc":{"start":{"line":33,"column":42},"end":{"line":42,"column":1}}},"4":{"name":"generate_new_version","decl":{"start":{"line":45,"column":16},"end":{"line":45,"column":36}},"loc":{"start":{"line":45,"column":92},"end":{"line":63,"column":1}}},"5":{"name":"generate_new_content_maven","decl":{"start":{"line":66,"column":9},"end":{"line":66,"column":35}},"loc":{"start":{"line":66,"column":73},"end":{"line":74,"column":1}}}},"branchMap":{"0":{"loc":{"start":{"line":48,"column":4},"end":{"line":61,"column":null}},"type":"if","locations":[{"start":{"line":48,"column":4},"end":{"line":61,"column":null}}]},"1":{"loc":{"start":{"line":50,"column":8},"end":{"line":59,"column":null}},"type":"switch","locations":[{"start":{"line":51,"column":12},"end":{"line":52,"column":null}},{"start":{"line":53,"column":12},"end":{"line":54,"column":null}},{"start":{"line":55,"column":12},"end":{"line":56,"column":null}},{"start":{"line":57,"column":12},"end":{"line":58,"column":null}}]}},"s":{"0":2,"1":2,"2":2,"3":2,"4":7,"5":2,"6":3,"7":2,"8":0,"9":0,"10":0,"11":0,"12":0,"13":0,"14":3,"15":3,"16":3,"17":3,"18":3,"19":2,"20":12,"21":12,"22":12,"23":4,"24":4,"25":4,"26":0,"27":0,"28":2,"29":3,"30":3,"31":3,"32":2},"f":{"0":7,"1":3,"2":0,"3":3,"4":12,"5":3},"b":{"0":[12],"1":[4,4,4,0]}}
}
