TN:
SF:src/custom_fs.ts
FN:5,scan_paths_and_filter_by_file_name
FN:17,(anonymous_7)
FNF:2
FNH:0
FNDA:0,scan_paths_and_filter_by_file_name
FNDA:0,(anonymous_7)
DA:1,1
DA:2,1
DA:3,1
DA:5,1
DA:6,0
DA:8,0
DA:9,0
DA:12,0
DA:13,0
DA:14,0
DA:15,0
DA:17,0
DA:18,0
DA:19,0
DA:21,0
DA:22,0
DA:23,0
DA:24,0
DA:25,0
DA:26,0
DA:30,0
DA:31,0
DA:32,0
DA:35,0
LF:24
LH:4
BRDA:13,0,0,0
BRDA:13,0,1,0
BRDA:21,1,0,0
BRDA:21,1,1,0
BRDA:24,2,0,0
BRDA:24,3,0,0
BRDA:24,3,1,0
BRDA:30,4,0,0
BRDA:30,5,0,0
BRDA:30,5,1,0
BRF:10
BRH:0
end_of_record
TN:
SF:src/github_helper.ts
FN:5,get_number_pr
FNF:1
FNH:1
FNDA:3,get_number_pr
DA:1,1
DA:2,1
DA:5,1
DA:6,3
DA:7,3
DA:8,0
DA:9,0
DA:11,3
LF:8
LH:6
BRDA:7,0,0,0
BRF:1
BRH:0
end_of_record
TN:
SF:src/proccess.ts
FN:11,(anonymous_6)
FN:15,(anonymous_7)
FN:21,execute_process
FN:35,generate_new_content
FN:59,generate_new_version
FN:75,(anonymous_11)
FN:106,generate_new_content_maven
FN:116,get_versionated_file_data_maven
FNF:8
FNH:7
FNDA:3,(anonymous_6)
FNDA:3,(anonymous_7)
FNDA:0,execute_process
FNDA:3,generate_new_content
FNDA:3,generate_new_version
FNDA:3,(anonymous_11)
FNDA:3,generate_new_content_maven
FNDA:3,get_versionated_file_data_maven
DA:2,1
DA:3,1
DA:4,1
DA:5,1
DA:7,1
DA:10,1
DA:11,3
DA:14,1
DA:15,3
DA:18,1
DA:19,1
DA:22,0
DA:23,0
DA:25,0
DA:26,0
DA:27,0
DA:28,0
DA:29,0
DA:35,1
DA:40,3
DA:41,3
DA:42,3
DA:43,3
DA:44,3
DA:46,3
DA:47,3
DA:48,3
DA:50,3
DA:51,3
DA:53,3
DA:54,3
DA:55,3
DA:59,1
DA:60,3
DA:62,3
DA:63,3
DA:64,3
DA:65,3
DA:67,3
DA:69,0
DA:71,0
DA:73,0
DA:75,3
DA:76,3
DA:78,3
DA:79,0
DA:81,3
DA:83,3
DA:84,2
DA:85,2
DA:87,2
DA:88,1
DA:91,1
DA:94,1
DA:100,0
DA:101,0
DA:107,3
DA:109,3
DA:111,3
DA:117,3
DA:120,3
DA:121,3
DA:123,0
DA:127,3
DA:128,3
DA:130,0
DA:134,3
DA:135,3
DA:137,0
DA:140,3
DA:146,1
LF:71
LH:55
BRDA:62,0,0,3
BRDA:67,1,0,0
BRDA:67,1,1,0
BRDA:67,1,2,0
BRDA:67,1,3,3
BRDA:78,2,0,0
BRDA:83,3,0,2
BRDA:83,3,1,1
BRDA:87,4,0,1
BRDA:120,5,0,3
BRDA:120,5,1,0
BRDA:127,6,0,3
BRDA:127,6,1,0
BRDA:134,7,0,3
BRDA:134,7,1,0
BRF:15
BRH:8
end_of_record
