TN:
SF:src\fs.ts
FN:4,scan_paths_and_filter_by_file_name
FN:9,(anonymous_2)
FNF:2
FNH:0
FNDA:0,scan_paths_and_filter_by_file_name
FNDA:0,(anonymous_2)
DA:1,2
DA:2,2
DA:4,2
DA:5,0
DA:6,0
DA:7,0
DA:8,0
DA:9,0
DA:10,0
DA:11,0
DA:12,0
DA:13,0
DA:14,0
DA:15,0
DA:18,0
DA:19,0
DA:22,0
LF:17
LH:3
BRDA:7,0,0,0
BRDA:7,0,1,0
BRDA:12,1,0,0
BRDA:12,1,1,0
BRDA:14,2,0,0
BRDA:14,3,0,0
BRDA:14,3,1,0
BRDA:18,4,0,0
BRDA:18,5,0,0
BRDA:18,5,1,0
BRF:10
BRH:0
end_of_record
TN:
SF:src\proccess.ts
FN:9,(anonymous_6)
FN:13,(anonymous_7)
FN:18,execute_process
FN:30,generate_new_content
FN:45,generate_new_version
FN:66,generate_new_content_maven
FNF:6
FNH:5
FNDA:7,(anonymous_6)
FNDA:3,(anonymous_7)
FNDA:0,execute_process
FNDA:3,generate_new_content
FNDA:12,generate_new_version
FNDA:3,generate_new_content_maven
DA:2,2
DA:3,2
DA:5,2
DA:8,2
DA:9,7
DA:12,2
DA:13,3
DA:16,2
DA:19,0
DA:20,0
DA:21,0
DA:22,0
DA:23,0
DA:24,0
DA:30,2
DA:35,3
DA:36,3
DA:39,3
DA:40,3
DA:41,3
DA:45,2
DA:46,12
DA:48,12
DA:50,12
DA:52,4
DA:54,4
DA:56,4
DA:58,0
DA:62,0
DA:67,3
DA:69,3
DA:71,3
DA:76,2
LF:33
LH:25
BRDA:48,0,0,12
BRDA:50,1,0,4
BRDA:50,1,1,4
BRDA:50,1,2,4
BRDA:50,1,3,0
BRF:5
BRH:4
end_of_record
